[2025-08-16 16:16:37] Weapons loaded: 33 weapons
[2025-08-16 16:16:41] Game started - Difficulty: normal, Language: en
[2025-08-16 16:16:46] Weapons loaded: 33 weapons
[2025-08-16 16:16:53] Game started - Difficulty: hard, Language: tr
[2025-08-16 16:17:14] Round 1: Player Desert Eagle (227.67) vs Computer CZ75 Auto (408.1) - LOSS
[2025-08-16 16:20:14] Weapons loaded: 33 weapons
[2025-08-16 16:20:17] Weapons loaded: 33 weapons
[2025-08-16 16:20:39] Weapons loaded: 33 weapons
[2025-08-16 16:25:33] Weapons loaded: 33 weapons
[2025-08-16 16:25:55] Game started - Difficulty: normal, Language: tr
[2025-08-16 16:26:02] Attachment purchased: Grip
[2025-08-16 16:26:15] Round 1: Player Desert Eagle (246.47) vs Computer Glock-18 (378.53) - LOSS
[2025-08-16 16:28:24] Weapons loaded: 33 weapons
[2025-08-16 16:28:31] Game started - Difficulty: normal, Language: tr
[2025-08-16 16:28:33] Attachment purchased: Grip
[2025-08-16 16:28:40] Round 1: Player Desert Eagle (246.47) vs Computer Dual Berettas (408.97) - LOSS
[2025-08-16 16:28:45] Attachment purchased: Grip
[2025-08-16 16:28:47] Attachment purchased: Extended Magazine
[2025-08-16 16:33:34] Weapons loaded: 33 weapons
[2025-08-16 16:33:46] Game started - Difficulty: normal, Language: tr
[2025-08-16 16:36:06] Weapons loaded: 33 weapons
[2025-08-16 16:36:16] Game started - Difficulty: normal, Language: tr
[2025-08-16 16:36:19] Attachment purchased: Grip
[2025-08-16 16:36:29] Round 1: Player Desert Eagle (245.59) vs Computer Tec-9 (383.78) - LOSS
[2025-08-16 16:36:34] Attachment purchased: Grip
[2025-08-16 16:36:37] Attachment purchased: Suppressor
[2025-08-16 16:36:49] Round 2: Player MAC-10 (665.18) vs Computer PP-Bizon (555.21) - WIN
